<?xml version="1.0" encoding="UTF-8"?>
<testsuite xmlns:xsi="http://www.w3.org/2001/XMLSchema-instance" xsi:noNamespaceSchemaLocation="https://maven.apache.org/surefire/maven-surefire-plugin/xsd/surefire-test-report-3.0.xsd" version="3.0" name="store.StoreRunner" time="5.465" tests="11" errors="0" skipped="0" failures="2">
  <properties>
[...]
</properties>
  <testcase name="[1:9] Retorna el inventario de mascotas por estado" classname="store/store" time="0.823">
    <system-out><![CDATA[21:59:48.669 [main] INFO  com.intuit.karate.Runner - using system property 'karate.options': --tags @regresion
21:59:48.807 [main] DEBUG com.intuit.karate.Suite - [config] classpath:karate-config.js
21:59:49.503 [main] INFO  com.intuit.karate - karate.env system property was: null 
21:59:49.745 [main] DEBUG com.intuit.karate - request:
1 > GET https://petstore.swagger.io/v2/store/inventory
1 > Host: petstore.swagger.io
1 > Connection: Keep-Alive
1 > User-Agent: Apache-HttpClient/4.5.14 (Java/17.0.11)
1 > Accept-Encoding: gzip,deflate


21:59:50.268 [main] DEBUG com.intuit.karate - response time in milliseconds: 519
1 < 200
1 < Date: Mon, 23 Feb 2026 02:59:50 GMT
1 < Content-Type: application/json
1 < Transfer-Encoding: chunked
1 < Connection: keep-alive
1 < Access-Control-Allow-Origin: *
1 < Access-Control-Allow-Methods: GET, POST, DELETE, PUT
1 < Access-Control-Allow-Headers: Content-Type, api_key, Authorization
1 < Server: Jetty(9.2.9.v20150224)
{"INVALID_STATUS":3,"sold ":1,"string":3,"Busy":1,"pending":101,"available":384,"weisskeiner1":1,"soldout":1,"Unavailable":15,"dummy":4,"Sold":2,"available, sold":1,"avaliable":2,"not available":1,"Available":4,"sold":127,"ordered":4,"\"sold\"":1,"NOT available":1,"d":1,"avalible":1,"availabl":1,"Vendida":1,"AVAILABLE":6,"SOLD":1,"flying":1,"8":1,"returned":2,"Pending":2}

21:59:50.273 [main] INFO  com.intuit.karate - [print] {
  "INVALID_STATUS": 3,
  "sold ": 1,
  "string": 3,
  "Busy": 1,
  "pending": 101,
  "available": 384,
  "weisskeiner1": 1,
  "soldout": 1,
  "Unavailable": 15,
  "dummy": 4,
  "Sold": 2,
  "available, sold": 1,
  "avaliable": 2,
  "not available": 1,
  "Available": 4,
  "sold": 127,
  "ordered": 4,
  "\"sold\"": 1,
  "NOT available": 1,
  "d": 1,
  "avalible": 1,
  "availabl": 1,
  "Vendida": 1,
  "AVAILABLE": 6,
  "SOLD": 1,
  "flying": 1,
  "8": 1,
  "returned": 2,
  "Pending": 2
}
 
]]></system-out>
  </testcase>
  <testcase name="[2:16] Realizar un pedido de mascota" classname="store/store" time="0.346">
    <system-out><![CDATA[21:59:50.284 [main] INFO  com.intuit.karate - karate.env system property was: null 
21:59:50.313 [main] DEBUG com.intuit.karate - request:
1 > POST https://petstore.swagger.io/v2/store/order
1 > Content-Type: application/json; charset=UTF-8
1 > Content-Length: 104
1 > Host: petstore.swagger.io
1 > Connection: Keep-Alive
1 > User-Agent: Apache-HttpClient/4.5.14 (Java/17.0.11)
1 > Accept-Encoding: gzip,deflate
{"id":10,"petId":0,"quantity":0,"shipDate":"2026-02-22T17:59:02.219Z","status":"placed","complete":true}

21:59:50.615 [main] DEBUG com.intuit.karate - response time in milliseconds: 301
1 < 200
1 < Date: Mon, 23 Feb 2026 02:59:50 GMT
1 < Content-Type: application/json
1 < Transfer-Encoding: chunked
1 < Connection: keep-alive
1 < Access-Control-Allow-Origin: *
1 < Access-Control-Allow-Methods: GET, POST, DELETE, PUT
1 < Access-Control-Allow-Headers: Content-Type, api_key, Authorization
1 < Server: Jetty(9.2.9.v20150224)
{"id":10,"petId":0,"quantity":0,"shipDate":"2026-02-22T17:59:02.219+0000","status":"placed","complete":true}

21:59:50.625 [main] INFO  com.intuit.karate - [print] {
  "id": 10,
  "petId": 0,
  "quantity": 0,
  "shipDate": "2026-02-22T17:59:02.219+0000",
  "status": "placed",
  "complete": true
}
 
]]></system-out>
  </testcase>
  <testcase name="[3:27] Realizar un pedido de mascota - validacion" classname="store/store" time="0.322">
    <failure message="status code was: 500, expected: 400, response time in milliseconds: 301, url: https://petstore.swagger.io/v2/store/order, response: &#10;{&quot;code&quot;:500,&quot;type&quot;:&quot;unknown&quot;,&quot;message&quot;:&quot;something bad happened&quot;}&#10;classpath:store/store.feature:32" type="org.opentest4j.AssertionFailedError"><![CDATA[org.opentest4j.AssertionFailedError: 
status code was: 500, expected: 400, response time in milliseconds: 301, url: https://petstore.swagger.io/v2/store/order, response: 
{"code":500,"type":"unknown","message":"something bad happened"}
classpath:store/store.feature:32
	at com.intuit.karate.junit5.FeatureNode.lambda$next$1(FeatureNode.java:86)
	at java.base/java.util.stream.ForEachOps$ForEachOp$OfRef.accept(ForEachOps.java:183)
	at java.base/java.util.stream.ReferencePipeline$3$1.accept(ReferencePipeline.java:197)
	at java.base/java.util.stream.ReferencePipeline$2$1.accept(ReferencePipeline.java:179)
	at java.base/java.util.stream.ReferencePipeline$3$1.accept(ReferencePipeline.java:197)
	at java.base/java.util.Iterator.forEachRemaining(Iterator.java:133)
	at java.base/java.util.Spliterators$IteratorSpliterator.forEachRemaining(Spliterators.java:1845)
	at java.base/java.util.stream.AbstractPipeline.copyInto(AbstractPipeline.java:509)
	at java.base/java.util.stream.AbstractPipeline.wrapAndCopyInto(AbstractPipeline.java:499)
	at java.base/java.util.stream.ForEachOps$ForEachOp.evaluateSequential(ForEachOps.java:150)
	at java.base/java.util.stream.ForEachOps$ForEachOp$OfRef.evaluateSequential(ForEachOps.java:173)
	at java.base/java.util.stream.AbstractPipeline.evaluate(AbstractPipeline.java:234)
	at java.base/java.util.stream.ReferencePipeline.forEachOrdered(ReferencePipeline.java:601)
	at java.base/java.util.Optional.ifPresent(Optional.java:178)
	at java.base/java.util.ArrayList.forEach(ArrayList.java:1511)
	at java.base/java.util.ArrayList.forEach(ArrayList.java:1511)
]]></failure>
    <system-out><![CDATA[21:59:50.633 [main] INFO  com.intuit.karate - karate.env system property was: null 
21:59:50.638 [main] DEBUG com.intuit.karate - request:
1 > POST https://petstore.swagger.io/v2/store/order
1 > Content-Type: application/json; charset=UTF-8
1 > Content-Length: 115
1 > Host: petstore.swagger.io
1 > Connection: Keep-Alive
1 > User-Agent: Apache-HttpClient/4.5.14 (Java/17.0.11)
1 > Accept-Encoding: gzip,deflate
{"id":0,"petId":0,"quantity":2.999999999E9,"shipDate":"2026-02-22T17:59:02.219Z","status":"placed","complete":true}

21:59:50.939 [main] DEBUG com.intuit.karate - response time in milliseconds: 301
1 < 500
1 < Date: Mon, 23 Feb 2026 02:59:50 GMT
1 < Content-Type: application/json
1 < Transfer-Encoding: chunked
1 < Connection: keep-alive
1 < Access-Control-Allow-Origin: *
1 < Access-Control-Allow-Methods: GET, POST, DELETE, PUT
1 < Access-Control-Allow-Headers: Content-Type, api_key, Authorization
1 < Server: Jetty(9.2.9.v20150224)
{"code":500,"type":"unknown","message":"something bad happened"}

21:59:50.944 [main] ERROR com.intuit.karate - classpath:store/store.feature:32
Then status 400
status code was: 500, expected: 400, response time in milliseconds: 301, url: https://petstore.swagger.io/v2/store/order, response: 
{"code":500,"type":"unknown","message":"something bad happened"}
classpath:store/store.feature:32
]]></system-out>
  </testcase>
  <testcase name="[4:36] Buscar Orden de compra por ID" classname="store/store" time="0.314">
    <system-out><![CDATA[21:59:50.955 [main] INFO  com.intuit.karate - karate.env system property was: null 
21:59:50.961 [main] DEBUG com.intuit.karate - request:
1 > GET https://petstore.swagger.io/v2/store/order/10
1 > Host: petstore.swagger.io
1 > Connection: Keep-Alive
1 > User-Agent: Apache-HttpClient/4.5.14 (Java/17.0.11)
1 > Accept-Encoding: gzip,deflate


21:59:51.262 [main] DEBUG com.intuit.karate - response time in milliseconds: 301
1 < 200
1 < Date: Mon, 23 Feb 2026 02:59:51 GMT
1 < Content-Type: application/json
1 < Transfer-Encoding: chunked
1 < Connection: keep-alive
1 < Access-Control-Allow-Origin: *
1 < Access-Control-Allow-Methods: GET, POST, DELETE, PUT
1 < Access-Control-Allow-Headers: Content-Type, api_key, Authorization
1 < Server: Jetty(9.2.9.v20150224)
{"id":10,"petId":0,"quantity":0,"shipDate":"2026-02-22T17:59:02.219+0000","status":"placed","complete":true}

21:59:51.263 [main] INFO  com.intuit.karate - [print] {
  "id": 10,
  "petId": 0,
  "quantity": 0,
  "shipDate": "2026-02-22T17:59:02.219+0000",
  "status": "placed",
  "complete": true
}
 
]]></system-out>
  </testcase>
  <testcase name="[5:44] Buscar Orden de compra por ID siendo 0" classname="store/store" time="0.31">
    <system-out><![CDATA[21:59:51.268 [main] INFO  com.intuit.karate - karate.env system property was: null 
21:59:51.270 [main] DEBUG com.intuit.karate - request:
1 > GET https://petstore.swagger.io/v2/store/order/0
1 > Host: petstore.swagger.io
1 > Connection: Keep-Alive
1 > User-Agent: Apache-HttpClient/4.5.14 (Java/17.0.11)
1 > Accept-Encoding: gzip,deflate


21:59:51.571 [main] DEBUG com.intuit.karate - response time in milliseconds: 300
1 < 404
1 < Date: Mon, 23 Feb 2026 02:59:51 GMT
1 < Content-Type: application/json
1 < Transfer-Encoding: chunked
1 < Connection: keep-alive
1 < Access-Control-Allow-Origin: *
1 < Access-Control-Allow-Methods: GET, POST, DELETE, PUT
1 < Access-Control-Allow-Headers: Content-Type, api_key, Authorization
1 < Server: Jetty(9.2.9.v20150224)
{"code":1,"type":"error","message":"Order not found"}

21:59:51.572 [main] INFO  com.intuit.karate - [print] {
  "code": 1,
  "type": "error",
  "message": "Order not found"
}
 
]]></system-out>
  </testcase>
  <testcase name="[6.1:59] Buscar Orden de compra por ID 10" classname="store/store" time="0.309">
    <system-out><![CDATA[21:59:51.579 [main] INFO  com.intuit.karate - karate.env system property was: null 
21:59:51.582 [main] DEBUG com.intuit.karate - request:
1 > GET https://petstore.swagger.io/v2/store/order/10
1 > Host: petstore.swagger.io
1 > Connection: Keep-Alive
1 > User-Agent: Apache-HttpClient/4.5.14 (Java/17.0.11)
1 > Accept-Encoding: gzip,deflate


21:59:51.882 [main] DEBUG com.intuit.karate - response time in milliseconds: 299
1 < 200
1 < Date: Mon, 23 Feb 2026 02:59:51 GMT
1 < Content-Type: application/json
1 < Transfer-Encoding: chunked
1 < Connection: keep-alive
1 < Access-Control-Allow-Origin: *
1 < Access-Control-Allow-Methods: GET, POST, DELETE, PUT
1 < Access-Control-Allow-Headers: Content-Type, api_key, Authorization
1 < Server: Jetty(9.2.9.v20150224)
{"id":10,"petId":0,"quantity":0,"shipDate":"2026-02-22T17:59:02.219+0000","status":"placed","complete":true}

]]></system-out>
  </testcase>
  <testcase name="[6.2:60] Buscar Orden de compra por ID 6" classname="store/store" time="0.31">
    <system-out><![CDATA[21:59:51.887 [main] INFO  com.intuit.karate - karate.env system property was: null 
21:59:51.890 [main] DEBUG com.intuit.karate - request:
1 > GET https://petstore.swagger.io/v2/store/order/6
1 > Host: petstore.swagger.io
1 > Connection: Keep-Alive
1 > User-Agent: Apache-HttpClient/4.5.14 (Java/17.0.11)
1 > Accept-Encoding: gzip,deflate


21:59:52.193 [main] DEBUG com.intuit.karate - response time in milliseconds: 302
1 < 200
1 < Date: Mon, 23 Feb 2026 02:59:52 GMT
1 < Content-Type: application/json
1 < Transfer-Encoding: chunked
1 < Connection: keep-alive
1 < Access-Control-Allow-Origin: *
1 < Access-Control-Allow-Methods: GET, POST, DELETE, PUT
1 < Access-Control-Allow-Headers: Content-Type, api_key, Authorization
1 < Server: Jetty(9.2.9.v20150224)
{"id":6,"petId":0,"quantity":0,"shipDate":"2023-03-27T02:14:59.643+0000","status":"placed","complete":true}

]]></system-out>
  </testcase>
  <testcase name="[6.1:65] Buscar Orden de compra por ID 0" classname="store/store" time="0.307">
    <system-out><![CDATA[21:59:52.198 [main] INFO  com.intuit.karate - karate.env system property was: null 
21:59:52.200 [main] DEBUG com.intuit.karate - request:
1 > GET https://petstore.swagger.io/v2/store/order/0
1 > Host: petstore.swagger.io
1 > Connection: Keep-Alive
1 > User-Agent: Apache-HttpClient/4.5.14 (Java/17.0.11)
1 > Accept-Encoding: gzip,deflate


21:59:52.500 [main] DEBUG com.intuit.karate - response time in milliseconds: 300
1 < 404
1 < Date: Mon, 23 Feb 2026 02:59:52 GMT
1 < Content-Type: application/json
1 < Transfer-Encoding: chunked
1 < Connection: keep-alive
1 < Access-Control-Allow-Origin: *
1 < Access-Control-Allow-Methods: GET, POST, DELETE, PUT
1 < Access-Control-Allow-Headers: Content-Type, api_key, Authorization
1 < Server: Jetty(9.2.9.v20150224)
{"code":1,"type":"error","message":"Order not found"}

]]></system-out>
  </testcase>
  <testcase name="[6.2:66] Buscar Orden de compra por ID a" classname="store/store" time="0.012">
    <failure message="js failed:&#10;&gt;&gt;&gt;&gt;&#10;01: [&apos;store/order&apos;, a]&#10;&lt;&lt;&lt;&lt;&#10;org.graalvm.polyglot.PolyglotException: ReferenceError: &quot;a&quot; is not defined&#10;- &lt;js&gt;.:program(Unnamed:1)&#10;&#10;classpath:store/store.feature:52" type="org.opentest4j.AssertionFailedError"><![CDATA[org.opentest4j.AssertionFailedError: 
js failed:
>>>>
01: ['store/order', a]
<<<<
org.graalvm.polyglot.PolyglotException: ReferenceError: "a" is not defined
- <js>.:program(Unnamed:1)

classpath:store/store.feature:52
	at com.intuit.karate.junit5.FeatureNode.lambda$next$1(FeatureNode.java:86)
	at java.base/java.util.stream.ForEachOps$ForEachOp$OfRef.accept(ForEachOps.java:183)
	at java.base/java.util.stream.ReferencePipeline$3$1.accept(ReferencePipeline.java:197)
	at java.base/java.util.stream.ReferencePipeline$2$1.accept(ReferencePipeline.java:179)
	at java.base/java.util.stream.ReferencePipeline$3$1.accept(ReferencePipeline.java:197)
	at java.base/java.util.Iterator.forEachRemaining(Iterator.java:133)
	at java.base/java.util.Spliterators$IteratorSpliterator.forEachRemaining(Spliterators.java:1845)
	at java.base/java.util.stream.AbstractPipeline.copyInto(AbstractPipeline.java:509)
	at java.base/java.util.stream.AbstractPipeline.wrapAndCopyInto(AbstractPipeline.java:499)
	at java.base/java.util.stream.ForEachOps$ForEachOp.evaluateSequential(ForEachOps.java:150)
	at java.base/java.util.stream.ForEachOps$ForEachOp$OfRef.evaluateSequential(ForEachOps.java:173)
	at java.base/java.util.stream.AbstractPipeline.evaluate(AbstractPipeline.java:234)
	at java.base/java.util.stream.ReferencePipeline.forEachOrdered(ReferencePipeline.java:601)
	at java.base/java.util.Optional.ifPresent(Optional.java:178)
	at java.base/java.util.ArrayList.forEach(ArrayList.java:1511)
	at java.base/java.util.ArrayList.forEach(ArrayList.java:1511)
]]></failure>
    <system-out><![CDATA[21:59:52.505 [main] INFO  com.intuit.karate - karate.env system property was: null 
21:59:52.513 [main] ERROR com.intuit.karate - classpath:store/store.feature:52
Given path 'store/order', a
js failed:
>>>>
01: ['store/order', a]
<<<<
org.graalvm.polyglot.PolyglotException: ReferenceError: "a" is not defined
- <js>.:program(Unnamed:1)

classpath:store/store.feature:52
]]></system-out>
  </testcase>
  <testcase name="[7.1:79] Eliminar orden de compra por ID 10" classname="store/store" time="0.308">
    <system-out><![CDATA[21:59:52.518 [main] INFO  com.intuit.karate - karate.env system property was: null 
21:59:52.520 [main] DEBUG com.intuit.karate - request:
1 > DELETE https://petstore.swagger.io/v2/store/order/10
1 > Host: petstore.swagger.io
1 > Connection: Keep-Alive
1 > User-Agent: Apache-HttpClient/4.5.14 (Java/17.0.11)
1 > Accept-Encoding: gzip,deflate


21:59:52.821 [main] DEBUG com.intuit.karate - response time in milliseconds: 299
1 < 200
1 < Date: Mon, 23 Feb 2026 02:59:52 GMT
1 < Content-Type: application/json
1 < Transfer-Encoding: chunked
1 < Connection: keep-alive
1 < Access-Control-Allow-Origin: *
1 < Access-Control-Allow-Methods: GET, POST, DELETE, PUT
1 < Access-Control-Allow-Headers: Content-Type, api_key, Authorization
1 < Server: Jetty(9.2.9.v20150224)
{"code":200,"type":"unknown","message":"10"}

21:59:52.822 [main] INFO  com.intuit.karate - [print] {
  "code": 200,
  "type": "unknown",
  "message": "10"
}
 
]]></system-out>
  </testcase>
  <testcase name="[7.1:83] Eliminar orden de compra por ID 10" classname="store/store" time="0.829">
    <system-out><![CDATA[21:59:52.826 [main] INFO  com.intuit.karate - karate.env system property was: null 
21:59:52.828 [main] DEBUG com.intuit.karate - request:
1 > DELETE https://petstore.swagger.io/v2/store/order/10
1 > Host: petstore.swagger.io
1 > Connection: Keep-Alive
1 > User-Agent: Apache-HttpClient/4.5.14 (Java/17.0.11)
1 > Accept-Encoding: gzip,deflate


21:59:53.128 [main] DEBUG com.intuit.karate - response time in milliseconds: 300
1 < 404
1 < Date: Mon, 23 Feb 2026 02:59:53 GMT
1 < Content-Type: application/json
1 < Transfer-Encoding: chunked
1 < Connection: keep-alive
1 < Access-Control-Allow-Origin: *
1 < Access-Control-Allow-Methods: GET, POST, DELETE, PUT
1 < Access-Control-Allow-Headers: Content-Type, api_key, Authorization
1 < Server: Jetty(9.2.9.v20150224)
{"code":404,"type":"unknown","message":"Order Not Found"}

21:59:53.130 [main] INFO  com.intuit.karate - [print] {
  "code": 404,
  "type": "unknown",
  "message": "Order Not Found"
}
 
---------------------------------------------------------
feature: classpath:store/store.feature
scenarios: 11 | passed:  9 | failed:  2 | time: 3,5368
---------------------------------------------------------

Karate version: 1.5.0
======================================================
elapsed:   4,90 | threads:    1 | thread time: 3,54 
features:     1 | skipped:    0 | efficiency: 0,72
scenarios:   11 | passed:     9 | failed: 2
======================================================
>>> failed features:
status code was: 500, expected: 400, response time in milliseconds: 301, url: https://petstore.swagger.io/v2/store/order, response: 
{"code":500,"type":"unknown","message":"something bad happened"}
classpath:store/store.feature:32
js failed:
>>>>
01: ['store/order', a]
<<<<
org.graalvm.polyglot.PolyglotException: ReferenceError: "a" is not defined
- <js>.:program(Unnamed:1)

classpath:store/store.feature:52
<<<

HTML report: (paste into browser to view) | Karate version: 1.5.0
file:///D:/APIS/LlaureLlapoJoseEnrique_EscuelaTestingFinal/target/karate-reports/karate-summary.html
===================================================================

]]></system-out>
  </testcase>
</testsuite>