<?xml version="1.0" encoding="UTF-8"?>
<testsuite xmlns:xsi="http://www.w3.org/2001/XMLSchema-instance" xsi:noNamespaceSchemaLocation="https://maven.apache.org/surefire/maven-surefire-plugin/xsd/surefire-test-report-3.0.xsd" version="3.0" name="user.UserRunner" time="6.097" tests="12" errors="0" skipped="0" failures="3">
  <properties>
[...]
</properties>
  <testcase name="[1:10] Crea una lista de usuarios con la matriz de entrada" classname="user/user" time="0.802">
    <system-out><![CDATA[19:49:51.779 [main] INFO  com.intuit.karate.Runner - using system property 'karate.options': --tags @regresion
19:49:51.920 [main] DEBUG com.intuit.karate.Suite - [config] classpath:karate-config.js
19:49:52.595 [main] INFO  com.intuit.karate - karate.env system property was: null 
19:49:52.832 [main] DEBUG com.intuit.karate - request:
1 > POST https://petstore.swagger.io/v2/user/createWithList
1 > Content-Type: application/json; charset=UTF-8
1 > Content-Length: 140
1 > Host: petstore.swagger.io
1 > Connection: Keep-Alive
1 > User-Agent: Apache-HttpClient/4.5.14 (Java/17.0.11)
1 > Accept-Encoding: gzip,deflate
[{"id":0,"username":"string","firstName":"string","lastName":"string","email":"string","password":"string","phone":"string","userStatus":0}]

19:49:53.343 [main] DEBUG com.intuit.karate - response time in milliseconds: 508
1 < 200
1 < Date: Wed, 25 Feb 2026 00:49:53 GMT
1 < Content-Type: application/json
1 < Transfer-Encoding: chunked
1 < Connection: keep-alive
1 < Access-Control-Allow-Origin: *
1 < Access-Control-Allow-Methods: GET, POST, DELETE, PUT
1 < Access-Control-Allow-Headers: Content-Type, api_key, Authorization
1 < Server: Jetty(9.2.9.v20150224)
{"code":200,"type":"unknown","message":"ok"}

19:49:53.353 [main] INFO  com.intuit.karate - [print] {
  "code": 200,
  "type": "unknown",
  "message": "ok"
}
 
]]></system-out>
  </testcase>
  <testcase name="[2.1:29] Obtener usuario por nombre de usuario" classname="user/user" time="0.319">
    <failure message="match failed: EQUALS&#10;  $ | actual path does not exist (STRING:STRING)&#10;  &apos;#notpresent&apos;&#10;  &apos;&apos;&#10;&#10;classpath:user/user.feature:23" type="org.opentest4j.AssertionFailedError"><![CDATA[org.opentest4j.AssertionFailedError: 
match failed: EQUALS
  $ | actual path does not exist (STRING:STRING)
  '#notpresent'
  ''

classpath:user/user.feature:23
	at com.intuit.karate.junit5.FeatureNode.lambda$next$1(FeatureNode.java:86)
	at java.base/java.util.stream.ForEachOps$ForEachOp$OfRef.accept(ForEachOps.java:183)
	at java.base/java.util.stream.ReferencePipeline$3$1.accept(ReferencePipeline.java:197)
	at java.base/java.util.stream.ReferencePipeline$2$1.accept(ReferencePipeline.java:179)
	at java.base/java.util.stream.ReferencePipeline$3$1.accept(ReferencePipeline.java:197)
	at java.base/java.util.Iterator.forEachRemaining(Iterator.java:133)
	at java.base/java.util.Spliterators$IteratorSpliterator.forEachRemaining(Spliterators.java:1845)
	at java.base/java.util.stream.AbstractPipeline.copyInto(AbstractPipeline.java:509)
	at java.base/java.util.stream.AbstractPipeline.wrapAndCopyInto(AbstractPipeline.java:499)
	at java.base/java.util.stream.ForEachOps$ForEachOp.evaluateSequential(ForEachOps.java:150)
	at java.base/java.util.stream.ForEachOps$ForEachOp$OfRef.evaluateSequential(ForEachOps.java:173)
	at java.base/java.util.stream.AbstractPipeline.evaluate(AbstractPipeline.java:234)
	at java.base/java.util.stream.ReferencePipeline.forEachOrdered(ReferencePipeline.java:601)
	at java.base/java.util.Optional.ifPresent(Optional.java:178)
	at java.base/java.util.ArrayList.forEach(ArrayList.java:1511)
	at java.base/java.util.ArrayList.forEach(ArrayList.java:1511)
]]></failure>
    <system-out><![CDATA[19:49:53.364 [main] INFO  com.intuit.karate - karate.env system property was: null 
19:49:53.372 [main] DEBUG com.intuit.karate - request:
1 > GET https://petstore.swagger.io/v2/user/jllaure
1 > Host: petstore.swagger.io
1 > Connection: Keep-Alive
1 > User-Agent: Apache-HttpClient/4.5.14 (Java/17.0.11)
1 > Accept-Encoding: gzip,deflate


19:49:53.670 [main] DEBUG com.intuit.karate - response time in milliseconds: 298
1 < 200
1 < Date: Wed, 25 Feb 2026 00:49:53 GMT
1 < Content-Type: application/json
1 < Transfer-Encoding: chunked
1 < Connection: keep-alive
1 < Access-Control-Allow-Origin: *
1 < Access-Control-Allow-Methods: GET, POST, DELETE, PUT
1 < Access-Control-Allow-Headers: Content-Type, api_key, Authorization
1 < Server: Jetty(9.2.9.v20150224)
{"id":8617717428157999365,"username":"jllaure","firstName":"nevada","lastName":"llapo","email":"nevada@gmail.com","password":"987654321","phone":"123456790","userStatus":0}

19:49:53.673 [main] ERROR com.intuit.karate - classpath:user/user.feature:23
And match response.message == ""
match failed: EQUALS
  $ | actual path does not exist (STRING:STRING)
  '#notpresent'
  ''

classpath:user/user.feature:23
]]></system-out>
  </testcase>
  <testcase name="[2.1:34] Obtener usuario por nombre de usuario" classname="user/user" time="0.316">
    <system-out><![CDATA[19:49:53.685 [main] INFO  com.intuit.karate - karate.env system property was: null 
19:49:53.688 [main] DEBUG com.intuit.karate - request:
1 > GET https://petstore.swagger.io/v2/user/user1
1 > Host: petstore.swagger.io
1 > Connection: Keep-Alive
1 > User-Agent: Apache-HttpClient/4.5.14 (Java/17.0.11)
1 > Accept-Encoding: gzip,deflate


19:49:53.994 [main] DEBUG com.intuit.karate - response time in milliseconds: 305
1 < 404
1 < Date: Wed, 25 Feb 2026 00:49:53 GMT
1 < Content-Type: application/json
1 < Transfer-Encoding: chunked
1 < Connection: keep-alive
1 < Access-Control-Allow-Origin: *
1 < Access-Control-Allow-Methods: GET, POST, DELETE, PUT
1 < Access-Control-Allow-Headers: Content-Type, api_key, Authorization
1 < Server: Jetty(9.2.9.v20150224)
{"code":1,"type":"error","message":"User not found"}

]]></system-out>
  </testcase>
  <testcase name="[3.1:48] Actualizar usuario" classname="user/user" time="0.312">
    <system-out><![CDATA[19:49:54.001 [main] INFO  com.intuit.karate - karate.env system property was: null 
19:49:54.011 [main] DEBUG com.intuit.karate - request:
1 > PUT https://petstore.swagger.io/v2/user/jllaure
1 > Content-Type: application/json; charset=UTF-8
1 > Content-Length: 154
1 > Host: petstore.swagger.io
1 > Connection: Keep-Alive
1 > User-Agent: Apache-HttpClient/4.5.14 (Java/17.0.11)
1 > Accept-Encoding: gzip,deflate
{"id":0,"username":"jllaure","firstName":"nevada","lastName":"llapo","email":"nevada@gmail.com","password":"987654321","phone":"123456790","userStatus":0}

19:49:54.309 [main] DEBUG com.intuit.karate - response time in milliseconds: 296
1 < 200
1 < Date: Wed, 25 Feb 2026 00:49:54 GMT
1 < Content-Type: application/json
1 < Transfer-Encoding: chunked
1 < Connection: keep-alive
1 < Access-Control-Allow-Origin: *
1 < Access-Control-Allow-Methods: GET, POST, DELETE, PUT
1 < Access-Control-Allow-Headers: Content-Type, api_key, Authorization
1 < Server: Jetty(9.2.9.v20150224)
{"code":200,"type":"unknown","message":"9223372036854745768"}

]]></system-out>
  </testcase>
  <testcase name="[3.1:53] Actualizar usuario" classname="user/user" time="0.323">
    <failure message="status code was: 200, expected: 404, response time in milliseconds: 311, url: https://petstore.swagger.io/v2/user/user1, response: &#10;{&quot;code&quot;:200,&quot;type&quot;:&quot;unknown&quot;,&quot;message&quot;:&quot;9223372036854745769&quot;}&#10;classpath:user/user.feature:44" type="org.opentest4j.AssertionFailedError"><![CDATA[org.opentest4j.AssertionFailedError: 
status code was: 200, expected: 404, response time in milliseconds: 311, url: https://petstore.swagger.io/v2/user/user1, response: 
{"code":200,"type":"unknown","message":"9223372036854745769"}
classpath:user/user.feature:44
	at com.intuit.karate.junit5.FeatureNode.lambda$next$1(FeatureNode.java:86)
	at java.base/java.util.stream.ForEachOps$ForEachOp$OfRef.accept(ForEachOps.java:183)
	at java.base/java.util.stream.ReferencePipeline$3$1.accept(ReferencePipeline.java:197)
	at java.base/java.util.stream.ReferencePipeline$2$1.accept(ReferencePipeline.java:179)
	at java.base/java.util.stream.ReferencePipeline$3$1.accept(ReferencePipeline.java:197)
	at java.base/java.util.Iterator.forEachRemaining(Iterator.java:133)
	at java.base/java.util.Spliterators$IteratorSpliterator.forEachRemaining(Spliterators.java:1845)
	at java.base/java.util.stream.AbstractPipeline.copyInto(AbstractPipeline.java:509)
	at java.base/java.util.stream.AbstractPipeline.wrapAndCopyInto(AbstractPipeline.java:499)
	at java.base/java.util.stream.ForEachOps$ForEachOp.evaluateSequential(ForEachOps.java:150)
	at java.base/java.util.stream.ForEachOps$ForEachOp$OfRef.evaluateSequential(ForEachOps.java:173)
	at java.base/java.util.stream.AbstractPipeline.evaluate(AbstractPipeline.java:234)
	at java.base/java.util.stream.ReferencePipeline.forEachOrdered(ReferencePipeline.java:601)
	at java.base/java.util.Optional.ifPresent(Optional.java:178)
	at java.base/java.util.ArrayList.forEach(ArrayList.java:1511)
	at java.base/java.util.ArrayList.forEach(ArrayList.java:1511)
]]></failure>
    <system-out><![CDATA[19:49:54.315 [main] INFO  com.intuit.karate - karate.env system property was: null 
19:49:54.318 [main] DEBUG com.intuit.karate - request:
1 > PUT https://petstore.swagger.io/v2/user/user1
1 > Content-Type: application/json; charset=UTF-8
1 > Content-Length: 154
1 > Host: petstore.swagger.io
1 > Connection: Keep-Alive
1 > User-Agent: Apache-HttpClient/4.5.14 (Java/17.0.11)
1 > Accept-Encoding: gzip,deflate
{"id":0,"username":"jllaure","firstName":"nevada","lastName":"llapo","email":"nevada@gmail.com","password":"987654321","phone":"123456790","userStatus":0}

19:49:54.629 [main] DEBUG com.intuit.karate - response time in milliseconds: 311
1 < 200
1 < Date: Wed, 25 Feb 2026 00:49:54 GMT
1 < Content-Type: application/json
1 < Transfer-Encoding: chunked
1 < Connection: keep-alive
1 < Access-Control-Allow-Origin: *
1 < Access-Control-Allow-Methods: GET, POST, DELETE, PUT
1 < Access-Control-Allow-Headers: Content-Type, api_key, Authorization
1 < Server: Jetty(9.2.9.v20150224)
{"code":200,"type":"unknown","message":"9223372036854745769"}

19:49:54.632 [main] ERROR com.intuit.karate - classpath:user/user.feature:44
Then status 404
status code was: 200, expected: 404, response time in milliseconds: 311, url: https://petstore.swagger.io/v2/user/user1, response: 
{"code":200,"type":"unknown","message":"9223372036854745769"}
classpath:user/user.feature:44
]]></system-out>
  </testcase>
  <testcase name="[4.1:63] Eliminar usuario" classname="user/user" time="0.303">
    <system-out><![CDATA[19:49:54.638 [main] INFO  com.intuit.karate - karate.env system property was: null 
19:49:54.640 [main] DEBUG com.intuit.karate - request:
1 > DELETE https://petstore.swagger.io/v2/user/string
1 > Host: petstore.swagger.io
1 > Connection: Keep-Alive
1 > User-Agent: Apache-HttpClient/4.5.14 (Java/17.0.11)
1 > Accept-Encoding: gzip,deflate


19:49:54.936 [main] DEBUG com.intuit.karate - response time in milliseconds: 296
1 < 200
1 < Date: Wed, 25 Feb 2026 00:49:54 GMT
1 < Content-Type: application/json
1 < Transfer-Encoding: chunked
1 < Connection: keep-alive
1 < Access-Control-Allow-Origin: *
1 < Access-Control-Allow-Methods: GET, POST, DELETE, PUT
1 < Access-Control-Allow-Headers: Content-Type, api_key, Authorization
1 < Server: Jetty(9.2.9.v20150224)
{"code":200,"type":"unknown","message":"string"}

]]></system-out>
  </testcase>
  <testcase name="[4.1:68] Eliminar usuario" classname="user/user" time="0.312">
    <system-out><![CDATA[19:49:54.942 [main] INFO  com.intuit.karate - karate.env system property was: null 
19:49:54.944 [main] DEBUG com.intuit.karate - request:
1 > DELETE https://petstore.swagger.io/v2/user/user1
1 > Host: petstore.swagger.io
1 > Connection: Keep-Alive
1 > User-Agent: Apache-HttpClient/4.5.14 (Java/17.0.11)
1 > Accept-Encoding: gzip,deflate


19:49:55.248 [main] DEBUG com.intuit.karate - response time in milliseconds: 303
1 < 404
1 < Date: Wed, 25 Feb 2026 00:49:55 GMT
1 < Content-Length: 0
1 < Connection: keep-alive
1 < Access-Control-Allow-Origin: *
1 < Access-Control-Allow-Methods: GET, POST, DELETE, PUT
1 < Access-Control-Allow-Headers: Content-Type, api_key, Authorization
1 < Server: Jetty(9.2.9.v20150224)


]]></system-out>
  </testcase>
  <testcase name="[5.1:80] Iniciar Sesión en el sistema" classname="user/user" time="0.315">
    <system-out><![CDATA[19:49:55.253 [main] INFO  com.intuit.karate - karate.env system property was: null 
19:49:55.258 [main] DEBUG com.intuit.karate - request:
1 > GET https://petstore.swagger.io/v2/user/login?username=jllaure&password=987654321
1 > Host: petstore.swagger.io
1 > Connection: Keep-Alive
1 > User-Agent: Apache-HttpClient/4.5.14 (Java/17.0.11)
1 > Accept-Encoding: gzip,deflate


19:49:55.560 [main] DEBUG com.intuit.karate - response time in milliseconds: 302
1 < 200
1 < Date: Wed, 25 Feb 2026 00:49:55 GMT
1 < Content-Type: application/json
1 < Transfer-Encoding: chunked
1 < Connection: keep-alive
1 < Access-Control-Allow-Origin: *
1 < Access-Control-Allow-Methods: GET, POST, DELETE, PUT
1 < Access-Control-Allow-Headers: Content-Type, api_key, Authorization
1 < X-Expires-After: Wed Feb 25 01:49:55 UTC 2026
1 < X-Rate-Limit: 5000
1 < Server: Jetty(9.2.9.v20150224)
{"code":200,"type":"unknown","message":"logged in user session:1771980595508"}

]]></system-out>
  </testcase>
  <testcase name="[5.1:84] Iniciar Sesión en el sistema" classname="user/user" time="0.303">
    <failure message="status code was: 200, expected: 404, response time in milliseconds: 296, url: https://petstore.swagger.io/v2/user/login?username=user1&amp;password=987654321, response: &#10;{&quot;code&quot;:200,&quot;type&quot;:&quot;unknown&quot;,&quot;message&quot;:&quot;logged in user session:1771980595815&quot;}&#10;classpath:user/user.feature:76" type="org.opentest4j.AssertionFailedError"><![CDATA[org.opentest4j.AssertionFailedError: 
status code was: 200, expected: 404, response time in milliseconds: 296, url: https://petstore.swagger.io/v2/user/login?username=user1&password=987654321, response: 
{"code":200,"type":"unknown","message":"logged in user session:1771980595815"}
classpath:user/user.feature:76
	at com.intuit.karate.junit5.FeatureNode.lambda$next$1(FeatureNode.java:86)
	at java.base/java.util.stream.ForEachOps$ForEachOp$OfRef.accept(ForEachOps.java:183)
	at java.base/java.util.stream.ReferencePipeline$3$1.accept(ReferencePipeline.java:197)
	at java.base/java.util.stream.ReferencePipeline$2$1.accept(ReferencePipeline.java:179)
	at java.base/java.util.stream.ReferencePipeline$3$1.accept(ReferencePipeline.java:197)
	at java.base/java.util.Iterator.forEachRemaining(Iterator.java:133)
	at java.base/java.util.Spliterators$IteratorSpliterator.forEachRemaining(Spliterators.java:1845)
	at java.base/java.util.stream.AbstractPipeline.copyInto(AbstractPipeline.java:509)
	at java.base/java.util.stream.AbstractPipeline.wrapAndCopyInto(AbstractPipeline.java:499)
	at java.base/java.util.stream.ForEachOps$ForEachOp.evaluateSequential(ForEachOps.java:150)
	at java.base/java.util.stream.ForEachOps$ForEachOp$OfRef.evaluateSequential(ForEachOps.java:173)
	at java.base/java.util.stream.AbstractPipeline.evaluate(AbstractPipeline.java:234)
	at java.base/java.util.stream.ReferencePipeline.forEachOrdered(ReferencePipeline.java:601)
	at java.base/java.util.Optional.ifPresent(Optional.java:178)
	at java.base/java.util.ArrayList.forEach(ArrayList.java:1511)
	at java.base/java.util.ArrayList.forEach(ArrayList.java:1511)
]]></failure>
    <system-out><![CDATA[19:49:55.568 [main] INFO  com.intuit.karate - karate.env system property was: null 
19:49:55.571 [main] DEBUG com.intuit.karate - request:
1 > GET https://petstore.swagger.io/v2/user/login?username=user1&password=987654321
1 > Host: petstore.swagger.io
1 > Connection: Keep-Alive
1 > User-Agent: Apache-HttpClient/4.5.14 (Java/17.0.11)
1 > Accept-Encoding: gzip,deflate


19:49:55.867 [main] DEBUG com.intuit.karate - response time in milliseconds: 296
1 < 200
1 < Date: Wed, 25 Feb 2026 00:49:55 GMT
1 < Content-Type: application/json
1 < Transfer-Encoding: chunked
1 < Connection: keep-alive
1 < Access-Control-Allow-Origin: *
1 < Access-Control-Allow-Methods: GET, POST, DELETE, PUT
1 < Access-Control-Allow-Headers: Content-Type, api_key, Authorization
1 < X-Expires-After: Wed Feb 25 01:49:55 UTC 2026
1 < X-Rate-Limit: 5000
1 < Server: Jetty(9.2.9.v20150224)
{"code":200,"type":"unknown","message":"logged in user session:1771980595815"}

19:49:55.868 [main] ERROR com.intuit.karate - classpath:user/user.feature:76
Then status 404
status code was: 200, expected: 404, response time in milliseconds: 296, url: https://petstore.swagger.io/v2/user/login?username=user1&password=987654321, response: 
{"code":200,"type":"unknown","message":"logged in user session:1771980595815"}
classpath:user/user.feature:76
]]></system-out>
  </testcase>
  <testcase name="[6:87] Cerrar sesión del usuario" classname="user/user" time="0.304">
    <system-out><![CDATA[19:49:55.872 [main] INFO  com.intuit.karate - karate.env system property was: null 
19:49:55.874 [main] DEBUG com.intuit.karate - request:
1 > GET https://petstore.swagger.io/v2/user/logout
1 > Host: petstore.swagger.io
1 > Connection: Keep-Alive
1 > User-Agent: Apache-HttpClient/4.5.14 (Java/17.0.11)
1 > Accept-Encoding: gzip,deflate


19:49:56.172 [main] DEBUG com.intuit.karate - response time in milliseconds: 298
1 < 200
1 < Date: Wed, 25 Feb 2026 00:49:56 GMT
1 < Content-Type: application/json
1 < Transfer-Encoding: chunked
1 < Connection: keep-alive
1 < Access-Control-Allow-Origin: *
1 < Access-Control-Allow-Methods: GET, POST, DELETE, PUT
1 < Access-Control-Allow-Headers: Content-Type, api_key, Authorization
1 < Server: Jetty(9.2.9.v20150224)
{"code":200,"type":"unknown","message":"ok"}

]]></system-out>
  </testcase>
  <testcase name="[7:94] Creación de una lista de usuarios con la matriz de entrada dada" classname="user/user" time="0.303">
    <system-out><![CDATA[19:49:56.177 [main] INFO  com.intuit.karate - karate.env system property was: null 
19:49:56.181 [main] DEBUG com.intuit.karate - request:
1 > POST https://petstore.swagger.io/v2/user/createWithArray
1 > Content-Type: application/json; charset=UTF-8
1 > Content-Length: 142
1 > Host: petstore.swagger.io
1 > Connection: Keep-Alive
1 > User-Agent: Apache-HttpClient/4.5.14 (Java/17.0.11)
1 > Accept-Encoding: gzip,deflate
[{"id":0,"username":"jllaure2","firstName":"string","lastName":"string","email":"string","password":"string","phone":"string","userStatus":0}]

19:49:56.476 [main] DEBUG com.intuit.karate - response time in milliseconds: 295
1 < 200
1 < Date: Wed, 25 Feb 2026 00:49:56 GMT
1 < Content-Type: application/json
1 < Transfer-Encoding: chunked
1 < Connection: keep-alive
1 < Access-Control-Allow-Origin: *
1 < Access-Control-Allow-Methods: GET, POST, DELETE, PUT
1 < Access-Control-Allow-Headers: Content-Type, api_key, Authorization
1 < Server: Jetty(9.2.9.v20150224)
{"code":200,"type":"unknown","message":"ok"}

]]></system-out>
  </testcase>
  <testcase name="[8:103] Crear usuario" classname="user/user" time="0.906">
    <system-out><![CDATA[19:49:56.481 [main] INFO  com.intuit.karate - karate.env system property was: null 
19:49:56.485 [main] DEBUG com.intuit.karate - request:
1 > POST https://petstore.swagger.io/v2/user
1 > Content-Type: application/json; charset=UTF-8
1 > Content-Length: 154
1 > Host: petstore.swagger.io
1 > Connection: Keep-Alive
1 > User-Agent: Apache-HttpClient/4.5.14 (Java/17.0.11)
1 > Accept-Encoding: gzip,deflate
{"id":99,"username":"jllapoa","firstName":"Enrique","lastName":"Llapo","email":"enrique@gmail.com","password":"987456","phone":"123456789","userStatus":0}

19:49:56.784 [main] DEBUG com.intuit.karate - response time in milliseconds: 299
1 < 200
1 < Date: Wed, 25 Feb 2026 00:49:56 GMT
1 < Content-Type: application/json
1 < Transfer-Encoding: chunked
1 < Connection: keep-alive
1 < Access-Control-Allow-Origin: *
1 < Access-Control-Allow-Methods: GET, POST, DELETE, PUT
1 < Access-Control-Allow-Headers: Content-Type, api_key, Authorization
1 < Server: Jetty(9.2.9.v20150224)
{"code":200,"type":"unknown","message":"99"}

---------------------------------------------------------
feature: classpath:user/user.feature
scenarios: 12 | passed:  9 | failed:  3 | time: 4,0931
---------------------------------------------------------

Karate version: 1.5.0
======================================================
elapsed:   5,45 | threads:    1 | thread time: 4,09 
features:     1 | skipped:    0 | efficiency: 0,75
scenarios:   12 | passed:     9 | failed: 3
======================================================
>>> failed features:
match failed: EQUALS
  $ | actual path does not exist (STRING:STRING)
  '#notpresent'
  ''

classpath:user/user.feature:23
status code was: 200, expected: 404, response time in milliseconds: 311, url: https://petstore.swagger.io/v2/user/user1, response: 
{"code":200,"type":"unknown","message":"9223372036854745769"}
classpath:user/user.feature:44
status code was: 200, expected: 404, response time in milliseconds: 296, url: https://petstore.swagger.io/v2/user/login?username=user1&password=987654321, response: 
{"code":200,"type":"unknown","message":"logged in user session:1771980595815"}
classpath:user/user.feature:76
<<<

HTML report: (paste into browser to view) | Karate version: 1.5.0
file:///D:/APIS/LlaureLlapoJoseEnrique_EscuelaTestingFinal/target/karate-reports/karate-summary.html
===================================================================

]]></system-out>
  </testcase>
</testsuite>